<?xml version="1.0" encoding="UTF-8"?>
<!-- Generated by org.testng.reporters.JUnitReportReporter -->
<testsuite hostname="PRAKASH" failures="0" tests="1" name="Mavenselenium.Mavensel" time="0.570" errors="0" timestamp="2024-08-26T10:39:02 IST" skipped="0">
  <testcase classname="Mavenselenium.Mavensel" name="test" time="0.570"/>
</testsuite> <!-- Mavenselenium.Mavensel -->
